<?xml version="1.0" encoding="UTF-8"?>
<!-- Generated by org.testng.reporters.JUnitReportReporter -->
<testsuite skipped="0" hostname="Admin-PC" name="Scripts.ValidLogin" tests="1" failures="0" timestamp="12 Apr 2020 17:02:18 GMT" time="32.960" errors="0">
  <testcase name="testValidLogin" time="32.960" classname="Scripts.ValidLogin"/>
</testsuite> <!-- Scripts.ValidLogin -->
