<?xml version="1.0" encoding="UTF-8"?>
<!-- Generated by org.testng.reporters.JUnitReportReporter -->
<testsuite hostname="Admin-PC" failures="0" tests="1" name="Scripts.ValidLogin" time="52.424" errors="0" timestamp="18 Mar 2020 12:49:16 GMT" skipped="0">
  <testcase classname="Scripts.ValidLogin" name="testValidLogin" time="52.424"/>
</testsuite> <!-- Scripts.ValidLogin -->
